SF:C:\Users\moser\code\marian\cst371Playground\Farkle\Program.cs
FN:13,System.Void Playground.Program::Main(System.String[])
FNDA:0,System.Void Playground.Program::Main(System.String[])
DA:14,0
DA:15,0
DA:16,0
DA:18,0
BRDA:15,27,1,0
BRDA:15,27,0,0
LF:4
LH:0
BRF:2
BRH:0
FNF:1
FNH:0
end_of_record
SF:C:\Users\moser\code\marian\cst371Playground\Farkle\Config.cs
FN:9,System.String Farkle.Config::get_ApiKey()
FNDA:0,System.String Farkle.Config::get_ApiKey()
DA:10,0
FN:15,Farkle.Config Farkle.Config::get_ConfigInstance()
FNDA:0,Farkle.Config Farkle.Config::get_ConfigInstance()
DA:16,0
DA:17,0
DA:18,0
BRDA:17,7,0,0
BRDA:17,7,1,0
FN:4,System.Void Farkle.Config::.ctor()
FNDA:0,System.Void Farkle.Config::.ctor()
DA:5,0
DA:6,0
DA:8,0
LF:7
LH:0
BRF:2
BRH:0
FNF:3
FNH:0
end_of_record
SF:C:\Users\moser\code\marian\cst371Playground\Farkle\DiceRollers\D6Roller.cs
FN:8,System.Collections.Generic.List`1<System.Int32> Farkle.D6Roller::RollDice(System.Int32)
FNDA:0,System.Collections.Generic.List`1<System.Int32> Farkle.D6Roller::RollDice(System.Int32)
DA:9,0
DA:10,0
DA:12,0
DA:14,0
DA:15,0
DA:17,0
DA:18,0
BRDA:14,42,1,0
BRDA:14,42,0,0
LF:7
LH:0
BRF:2
BRH:0
FNF:1
FNH:0
end_of_record
SF:C:\Users\moser\code\marian\cst371Playground\Farkle\DiceRollers\UnfairD6Roller.cs
FN:8,System.Collections.Generic.List`1<System.Int32> Farkle.UnfairD6Roller::RollDice(System.Int32)
FNDA:0,System.Collections.Generic.List`1<System.Int32> Farkle.UnfairD6Roller::RollDice(System.Int32)
DA:9,0
DA:10,0
DA:12,0
DA:14,0
DA:15,0
DA:16,0
DA:18,0
DA:19,0
DA:21,0
DA:22,0
BRDA:14,63,1,0
BRDA:16,28,0,0
BRDA:16,28,1,0
BRDA:14,63,0,0
LF:10
LH:0
BRF:4
BRH:0
FNF:1
FNH:0
end_of_record
SF:C:\Users\moser\code\marian\cst371Playground\Farkle\Farkle.cs
FN:12,Farkle.IDiceRoller Farkle.FarkleGame::get_DiceRoller()
FNDA:0,Farkle.IDiceRoller Farkle.FarkleGame::get_DiceRoller()
DA:13,0
FN:13,Farkle.IRules Farkle.FarkleGame::get_Rules()
FNDA:0,Farkle.IRules Farkle.FarkleGame::get_Rules()
DA:14,0
FN:15,System.Void Farkle.FarkleGame::Play()
FNDA:0,System.Void Farkle.FarkleGame::Play()
DA:16,0
DA:17,0
DA:18,0
DA:19,0
DA:20,0
DA:21,0
FN:6,System.Void Farkle.FarkleGame::.ctor(Farkle.IDiceRoller,Farkle.IRules)
FNDA:0,System.Void Farkle.FarkleGame::.ctor(Farkle.IDiceRoller,Farkle.IRules)
DA:7,0
DA:8,0
DA:9,0
DA:10,0
DA:11,0
LF:13
LH:0
BRF:0
BRH:0
FNF:4
FNH:0
end_of_record
SF:C:\Users\moser\code\marian\cst371Playground\Farkle\RulesRepository\GrandmasRules.cs
FN:8,System.Int32 Farkle.GrandmasRules::GetScore(System.Collections.Generic.List`1<System.Int32>)
FNDA:0,System.Int32 Farkle.GrandmasRules::GetScore(System.Collections.Generic.List`1<System.Int32>)
DA:9,0
DA:10,0
DA:12,0
DA:13,0
DA:14,0
DA:15,0
DA:16,0
DA:17,0
DA:18,0
DA:19,0
DA:20,0
DA:21,0
DA:22,0
DA:23,0
DA:24,0
DA:25,0
DA:26,0
DA:27,0
DA:29,0
DA:30,0
LF:20
LH:0
BRF:0
BRH:0
FNF:1
FNH:0
end_of_record
SF:C:\Users\moser\code\marian\cst371Playground\Farkle\RulesRepository\OfficialRules.cs
FN:9,System.Int32 Farkle.OfficialRules::GetScore(System.Collections.Generic.List`1<System.Int32>)
FNDA:0,System.Int32 Farkle.OfficialRules::GetScore(System.Collections.Generic.List`1<System.Int32>)
DA:10,0
DA:11,0
DA:13,0
DA:14,0
DA:15,0
DA:16,0
DA:17,0
DA:18,0
DA:19,0
DA:20,0
DA:21,0
DA:22,0
DA:23,0
DA:24,0
DA:25,0
DA:26,0
DA:27,0
DA:28,0
DA:29,0
DA:30,0
DA:32,0
DA:33,0
LF:22
LH:0
BRF:0
BRH:0
FNF:1
FNH:0
end_of_record
SF:C:\Users\moser\code\marian\cst371Playground\Farkle\RulesRepository\Rules.cs
FN:10,Farkle.RulesRepository.Rule Farkle.RulesRepository.Rule::SetNext(Farkle.RulesRepository.Rule)
FNDA:1,Farkle.RulesRepository.Rule Farkle.RulesRepository.Rule::SetNext(Farkle.RulesRepository.Rule)
DA:11,1
DA:12,1
DA:13,1
DA:14,1
FN:16,System.Int32 Farkle.RulesRepository.Rule::ProcessRule(System.Collections.Generic.List`1<System.Int32>)
FNDA:7,System.Int32 Farkle.RulesRepository.Rule::ProcessRule(System.Collections.Generic.List`1<System.Int32>)
DA:17,7
DA:18,7
DA:19,7
BRDA:18,15,0,6
BRDA:18,15,1,1
FN:36,System.Int32 Farkle.RulesRepository.Triplet::get_N()
FNDA:42,System.Int32 Farkle.RulesRepository.Triplet::get_N()
DA:37,42
FN:37,System.Nullable`1<System.Int32> Farkle.RulesRepository.Triplet::get_OverridePoints()
FNDA:5,System.Nullable`1<System.Int32> Farkle.RulesRepository.Triplet::get_OverridePoints()
DA:38,5
FN:39,System.Int32 Farkle.RulesRepository.Triplet::ApplyRule(System.Collections.Generic.List`1<System.Int32>)
FNDA:5,System.Int32 Farkle.RulesRepository.Triplet::ApplyRule(System.Collections.Generic.List`1<System.Int32>)
DA:40,5
DA:41,32
DA:42,4
DA:43,4
DA:44,4
DA:45,4
DA:47,4
DA:50,1
DA:51,1
DA:53,5
BRDA:41,27,0,4
BRDA:47,83,0,3
BRDA:47,83,1,1
BRDA:41,27,1,1
FN:25,System.Void Farkle.RulesRepository.Triplet::.ctor(System.Int32)
FNDA:4,System.Void Farkle.RulesRepository.Triplet::.ctor(System.Int32)
DA:26,4
DA:27,4
DA:28,4
DA:29,4
FN:30,System.Void Farkle.RulesRepository.Triplet::.ctor(System.Int32,System.Int32)
FNDA:1,System.Void Farkle.RulesRepository.Triplet::.ctor(System.Int32,System.Int32)
DA:31,1
DA:32,1
DA:33,1
DA:34,1
DA:35,1
FN:58,System.Int32 Farkle.RulesRepository.Run::ApplyRule(System.Collections.Generic.List`1<System.Int32>)
FNDA:2,System.Int32 Farkle.RulesRepository.Run::ApplyRule(System.Collections.Generic.List`1<System.Int32>)
DA:59,2
DA:60,2
DA:61,1
DA:62,7
DA:63,1
DA:66,1
DA:67,2
BRDA:60,17,0,1
BRDA:60,17,1,1
FN:76,System.Int32 Farkle.RulesRepository.CountN::get_N()
FNDA:0,System.Int32 Farkle.RulesRepository.CountN::get_N()
DA:77,0
FN:77,System.Int32 Farkle.RulesRepository.CountN::get_PointsPer()
FNDA:0,System.Int32 Farkle.RulesRepository.CountN::get_PointsPer()
DA:78,0
FN:80,System.Int32 Farkle.RulesRepository.CountN::ApplyRule(System.Collections.Generic.List`1<System.Int32>)
FNDA:0,System.Int32 Farkle.RulesRepository.CountN::ApplyRule(System.Collections.Generic.List`1<System.Int32>)
DA:81,0
DA:82,0
DA:83,0
FN:71,System.Void Farkle.RulesRepository.CountN::.ctor(System.Int32,System.Int32)
FNDA:0,System.Void Farkle.RulesRepository.CountN::.ctor(System.Int32,System.Int32)
DA:72,0
DA:73,0
DA:74,0
DA:75,0
DA:76,0
FN:93,System.Int32 Farkle.RulesRepository.NOfAKind::get_N()
FNDA:0,System.Int32 Farkle.RulesRepository.NOfAKind::get_N()
DA:94,0
FN:95,System.Int32 Farkle.RulesRepository.NOfAKind::get_Points()
FNDA:0,System.Int32 Farkle.RulesRepository.NOfAKind::get_Points()
DA:96,0
FN:98,System.Int32 Farkle.RulesRepository.NOfAKind::ApplyRule(System.Collections.Generic.List`1<System.Int32>)
FNDA:0,System.Int32 Farkle.RulesRepository.NOfAKind::ApplyRule(System.Collections.Generic.List`1<System.Int32>)
DA:99,0
DA:100,0
DA:101,0
DA:102,0
DA:103,0
DA:105,0
DA:106,0
DA:107,0
DA:108,0
DA:111,0
DA:112,0
BRDA:105,121,0,0
BRDA:105,121,1,0
FN:87,System.Void Farkle.RulesRepository.NOfAKind::.ctor(System.Int32,System.Int32)
FNDA:0,System.Void Farkle.RulesRepository.NOfAKind::.ctor(System.Int32,System.Int32)
DA:88,0
DA:89,0
DA:90,0
DA:91,0
DA:92,0
LF:63
LH:35
BRF:10
BRH:8
FNF:16
FNH:8
end_of_record